2018-09-10 14:22:47  Message [Extension loading error]
					 Exception [org.eclipse.birt.report.model.metadata.MetaDataException: Message:Duplicate property names [altText] when adding the property to element [Chart]. Error code:DUPLICATE_PROPERTY 
	at org.eclipse.birt.report.model.metadata.ElementDefn.addProperty(ElementDefn.java:1902)
	at org.eclipse.birt.report.model.metadata.PeerExtensionLoader$PeerExtensionElementLoader.loadElement(PeerExtensionLoader.java:251)
	at org.eclipse.birt.report.model.metadata.PeerExtensionLoader.loadExtension(PeerExtensionLoader.java:113)
	at org.eclipse.birt.report.model.metadata.ExtensionLoader.doLoad(ExtensionLoader.java:150)
	at org.eclipse.birt.report.model.metadata.PeerExtensionLoader.doLoad(PeerExtensionLoader.java:65)
	at org.eclipse.birt.report.model.metadata.ExtensionLoader.load(ExtensionLoader.java:71)
	at org.eclipse.birt.report.model.metadata.ExtensionManagerImpl.initialize(ExtensionManagerImpl.java:100)
	at org.eclipse.birt.report.model.metadata.MetaDataDictionary.initialize(MetaDataDictionary.java:573)
	at org.eclipse.birt.report.model.api.impl.DesignEngineImpl.ensureInitialized(DesignEngineImpl.java:96)
	at org.eclipse.birt.report.model.api.impl.DesignEngineImpl.<init>(DesignEngineImpl.java:63)
	at org.eclipse.birt.report.model.api.impl.DesignEngineFactory.createDesignEngine(DesignEngineFactory.java:34)
	at org.eclipse.birt.report.model.api.DesignEngine.<init>(DesignEngine.java:98)
	at org.eclipse.birt.report.engine.parser.ReportParser.getDesignHandle(ReportParser.java:142)
	at org.eclipse.birt.report.engine.api.impl.ReportEngineHelper.getReportDesignHandle(ReportEngineHelper.java:255)
	at org.eclipse.birt.report.engine.api.impl.ReportEngineHelper.openReportDesign(ReportEngineHelper.java:274)
	at org.eclipse.birt.report.engine.api.impl.ReportEngineHelper.openReportDesign(ReportEngineHelper.java:196)
	at org.eclipse.birt.report.engine.api.impl.ReportEngineHelper.openReportDesign(ReportEngineHelper.java:130)
	at org.eclipse.birt.report.engine.api.impl.ReportEngine.openReportDesign(ReportEngine.java:313)
	at raymond.report.ExecuteReport.executeReport(ExecuteReport.java:39)
	at raymond.report.ExecuteReport.main(ExecuteReport.java:69)
]
2018-09-10 14:22:47  Message [Extension loading error]
					 Exception [org.eclipse.birt.report.model.metadata.MetaDataException: Message:Duplicate property names [altTextID] when adding the property to element [Chart]. Error code:DUPLICATE_PROPERTY 
	at org.eclipse.birt.report.model.metadata.ElementDefn.addProperty(ElementDefn.java:1902)
	at org.eclipse.birt.report.model.metadata.PeerExtensionLoader$PeerExtensionElementLoader.loadElement(PeerExtensionLoader.java:251)
	at org.eclipse.birt.report.model.metadata.PeerExtensionLoader.loadExtension(PeerExtensionLoader.java:113)
	at org.eclipse.birt.report.model.metadata.ExtensionLoader.doLoad(ExtensionLoader.java:150)
	at org.eclipse.birt.report.model.metadata.PeerExtensionLoader.doLoad(PeerExtensionLoader.java:65)
	at org.eclipse.birt.report.model.metadata.ExtensionLoader.load(ExtensionLoader.java:71)
	at org.eclipse.birt.report.model.metadata.ExtensionManagerImpl.initialize(ExtensionManagerImpl.java:100)
	at org.eclipse.birt.report.model.metadata.MetaDataDictionary.initialize(MetaDataDictionary.java:573)
	at org.eclipse.birt.report.model.api.impl.DesignEngineImpl.ensureInitialized(DesignEngineImpl.java:96)
	at org.eclipse.birt.report.model.api.impl.DesignEngineImpl.<init>(DesignEngineImpl.java:63)
	at org.eclipse.birt.report.model.api.impl.DesignEngineFactory.createDesignEngine(DesignEngineFactory.java:34)
	at org.eclipse.birt.report.model.api.DesignEngine.<init>(DesignEngine.java:98)
	at org.eclipse.birt.report.engine.parser.ReportParser.getDesignHandle(ReportParser.java:142)
	at org.eclipse.birt.report.engine.api.impl.ReportEngineHelper.getReportDesignHandle(ReportEngineHelper.java:255)
	at org.eclipse.birt.report.engine.api.impl.ReportEngineHelper.openReportDesign(ReportEngineHelper.java:274)
	at org.eclipse.birt.report.engine.api.impl.ReportEngineHelper.openReportDesign(ReportEngineHelper.java:196)
	at org.eclipse.birt.report.engine.api.impl.ReportEngineHelper.openReportDesign(ReportEngineHelper.java:130)
	at org.eclipse.birt.report.engine.api.impl.ReportEngine.openReportDesign(ReportEngine.java:313)
	at raymond.report.ExecuteReport.executeReport(ExecuteReport.java:39)
	at raymond.report.ExecuteReport.main(ExecuteReport.java:69)
]
